* using log directory ‘/Users/naras/GitHub/quantgen/R-package/quantgen.Rcheck’
* using R version 4.0.0 (2020-04-24)
* using platform: x86_64-apple-darwin19.4.0 (64-bit)
* using session charset: UTF-8
* checking for file ‘quantgen/DESCRIPTION’ ... OK
* checking extension type ... Package
* this is package ‘quantgen’ version ‘1.0.0’
* package encoding: UTF-8
* checking package namespace information ... OK
* checking package dependencies ... OK
* checking if this is a source package ... OK
* checking if there is a namespace ... OK
* checking for executable files ... OK
* checking for hidden files and directories ... OK
* checking for portable file names ... OK
* checking for sufficient/correct file permissions ... OK
* checking whether package ‘quantgen’ can be installed ... OK
* checking installed package size ... OK
* checking package directory ... OK
* checking DESCRIPTION meta-information ... OK
* checking top-level files ... OK
* checking for left-over files ... OK
* checking index information ... OK
* checking package subdirectories ... OK
* checking R files for non-ASCII characters ... OK
* checking R files for syntax errors ... OK
* checking whether the package can be loaded ... OK
* checking whether the package can be loaded with stated dependencies ... OK
* checking whether the package can be unloaded cleanly ... OK
* checking whether the namespace can be loaded with stated dependencies ... OK
* checking whether the namespace can be unloaded cleanly ... OK
* checking loading without being on the library search path ... OK
* checking dependencies in R code ... OK
* checking S3 generic/method consistency ... OK
* checking replacement functions ... OK
* checking foreign function calls ... OK
* checking R code for possible problems ... OK
* checking Rd files ... OK
* checking Rd metadata ... OK
* checking Rd cross-references ... OK
* checking for missing documentation entries ... OK
* checking for code/documentation mismatches ... OK
* checking Rd \usage sections ... WARNING
Undocumented arguments in documentation object 'cv_quantile_genlasso'
  ‘x’ ‘y’ ‘d’ ‘tau’ ‘lambda’ ‘nlambda’ ‘lambda_min_ratio’ ‘weights’
  ‘intercept’ ‘standardize’ ‘lp_solver’ ‘time_limit’ ‘warm_starts’
  ‘params’ ‘transform’ ‘inv_trans’ ‘jitter’ ‘verbose’ ‘sort’ ‘iso’
  ‘nonneg’ ‘round’

Undocumented arguments in documentation object 'cv_quantile_lasso'
  ‘x’ ‘y’ ‘tau’ ‘lambda’ ‘nlambda’ ‘lambda_min_ratio’ ‘weights’
  ‘no_pen_vars’ ‘intercept’ ‘standardize’ ‘lp_solver’ ‘time_limit’
  ‘warm_starts’ ‘params’ ‘transform’ ‘inv_trans’ ‘jitter’ ‘verbose’
  ‘sort’ ‘iso’ ‘nonneg’ ‘round’

Undocumented arguments in documentation object 'get_lambda_max'
  ‘x’ ‘y’ ‘d’ ‘weights’ ‘lp_solver’

Undocumented arguments in documentation object 'get_lambda_seq'
  ‘x’ ‘y’ ‘d’ ‘nlambda’ ‘lambda_min_ratio’ ‘weights’ ‘intercept’
  ‘standardize’ ‘lp_solver’ ‘transform’

Undocumented arguments in documentation object 'log_pad'
  ‘a’

Undocumented arguments in documentation object 'plot.cv_quantile_genlasso'
  ‘...’

Undocumented arguments in documentation object 'predict.cv_quantile_genlasso'
  ‘object’ ‘newx’ ‘s’ ‘sort’ ‘iso’ ‘nonneg’ ‘round’ ‘...’

Undocumented arguments in documentation object 'predict.quantile_ensemble'
  ‘s’ ‘...’

Undocumented arguments in documentation object 'predict.quantile_genlasso'
  ‘...’

Undocumented arguments in documentation object 'predict.quantile_genlasso_grid'
  ‘object’ ‘newx’ ‘sort’ ‘iso’ ‘nonneg’ ‘round’ ‘...’

Undocumented arguments in documentation object 'quantile_extrapolate'
  ‘max_iter’
Documented arguments not in \usage in documentation object 'quantile_extrapolate':
  ‘maxiter’

Undocumented arguments in documentation object 'quantile_genlasso_grid'
  ‘x’ ‘y’ ‘d’ ‘tau’ ‘lambda’ ‘weights’ ‘intercept’ ‘standardize’
  ‘lp_solver’ ‘time_limit’ ‘warm_starts’ ‘params’ ‘transform’
  ‘inv_trans’ ‘jitter’ ‘verbose’

Undocumented arguments in documentation object 'quantile_genlasso_objective'
  ‘x’ ‘y’ ‘d’ ‘beta’ ‘tau’ ‘lambda’

Undocumented arguments in documentation object 'quantile_lasso'
  ‘intercept’ ‘standardize’ ‘noncross’ ‘x0’ ‘lp_solver’ ‘time_limit’
  ‘warm_starts’ ‘params’ ‘transform’ ‘inv_trans’ ‘jitter’ ‘verbose’

Undocumented arguments in documentation object 'quantile_lasso_grid'
  ‘x’ ‘y’ ‘tau’ ‘lambda’ ‘weights’ ‘no_pen_vars’ ‘intercept’
  ‘standardize’ ‘lp_solver’ ‘time_limit’ ‘warm_starts’ ‘params’
  ‘transform’ ‘inv_trans’ ‘jitter’ ‘verbose’

Undocumented arguments in documentation object 'quantile_lasso_objective'
  ‘x’ ‘y’ ‘beta’ ‘tau’ ‘lambda’

Undocumented arguments in documentation object 'quantile_loss'
  ‘yhat’ ‘y’ ‘tau’

Undocumented arguments in documentation object 'refit_quantile_genlasso'
  ‘weights’ ‘intercept’ ‘standardize’ ‘lp_solver’ ‘time_limit’
  ‘warm_starts’ ‘params’ ‘transform’ ‘inv_trans’ ‘jitter’

Undocumented arguments in documentation object 'refit_quantile_lasso'
  ‘weights’ ‘no_pen_vars’ ‘intercept’ ‘standardize’ ‘lp_solver’
  ‘time_limit’ ‘warm_starts’ ‘params’ ‘transform’ ‘inv_trans’ ‘jitter’

Undocumented arguments in documentation object 'unif_jitter'
  ‘a’ ‘b’

Functions with \usage entries need to have the appropriate \alias
entries, and all their arguments documented.
The \usage entries must correspond to syntactically valid R code.
See chapter ‘Writing R documentation files’ in the ‘Writing R
Extensions’ manual.
* checking Rd contents ... OK
* checking for unstated dependencies in examples ... OK
* checking examples ... NONE
* checking PDF version of manual ... OK
* DONE
Status: 1 WARNING
