Hmm ... looks like a package

This is pdfTeX, Version 3.14159265-2.6-1.40.20 (TeX Live 2019) (preloaded format=pdflatex)
 restricted \write18 enabled.
entering extended mode

(/private/var/folders/xj/ng9zsh9902bdq9mdy4g84pn40000gp/T/RtmpBfuD63/Rd2pdf4192
5469f775/Rd2.tex
LaTeX2e <2018-12-01>

(/usr/local/texlive/2019/texmf-dist/tex/latex/base/book.cls
Document Class: book 2018/09/03 v1.4i Standard LaTeX document class
(/usr/local/texlive/2019/texmf-dist/tex/latex/base/bk10.clo))
(/usr/local/Cellar/r/4.0.0_1/lib/R/share/texmf/tex/latex/Rd.sty
(/usr/local/texlive/2019/texmf-dist/tex/latex/base/ifthen.sty)
(/usr/local/texlive/2019/texmf-dist/tex/latex/tools/longtable.sty)
(/usr/local/texlive/2019/texmf-dist/tex/latex/tools/bm.sty)
(/usr/local/texlive/2019/texmf-dist/tex/latex/base/alltt.sty)
(/usr/local/texlive/2019/texmf-dist/tex/latex/tools/verbatim.sty)
(/usr/local/texlive/2019/texmf-dist/tex/latex/url/url.sty)
(/usr/local/texlive/2019/texmf-dist/tex/latex/base/textcomp.sty
(/usr/local/texlive/2019/texmf-dist/tex/latex/base/ts1enc.def
(/usr/local/texlive/2019/texmf-dist/tex/latex/base/ts1enc.dfu)))
(/usr/local/texlive/2019/texmf-dist/tex/latex/base/fontenc.sty
(/usr/local/texlive/2019/texmf-dist/tex/latex/base/t1enc.def))
(/usr/local/texlive/2019/texmf-dist/tex/latex/psnfss/times.sty)
(/usr/local/texlive/2019/texmf-dist/tex/latex/inconsolata/zi4.sty
`inconsolata-zi4' v1.112, 2017/01/04 Text macros for Inconsolata (msharpe)
(/usr/local/texlive/2019/texmf-dist/tex/latex/xkeyval/xkeyval.sty
(/usr/local/texlive/2019/texmf-dist/tex/generic/xkeyval/xkeyval.tex
(/usr/local/texlive/2019/texmf-dist/tex/generic/xkeyval/xkvutils.tex
(/usr/local/texlive/2019/texmf-dist/tex/generic/xkeyval/keyval.tex)))))
(/usr/local/texlive/2019/texmf-dist/tex/latex/graphics/color.sty
(/usr/local/texlive/2019/texmf-dist/tex/latex/graphics-cfg/color.cfg)
(/usr/local/texlive/2019/texmf-dist/tex/latex/graphics-def/pdftex.def))
(/usr/local/texlive/2019/texmf-dist/tex/latex/hyperref/hyperref.sty
(/usr/local/texlive/2019/texmf-dist/tex/generic/oberdiek/hobsub-hyperref.sty
(/usr/local/texlive/2019/texmf-dist/tex/generic/oberdiek/hobsub-generic.sty))
(/usr/local/texlive/2019/texmf-dist/tex/generic/ifxetex/ifxetex.sty)
(/usr/local/texlive/2019/texmf-dist/tex/latex/oberdiek/auxhook.sty)
(/usr/local/texlive/2019/texmf-dist/tex/latex/oberdiek/kvoptions.sty)
(/usr/local/texlive/2019/texmf-dist/tex/latex/hyperref/pd1enc.def)
(/usr/local/texlive/2019/texmf-dist/tex/latex/latexconfig/hyperref.cfg))
(/usr/local/texlive/2019/texmf-dist/tex/latex/hyperref/hpdftex.def
(/usr/local/texlive/2019/texmf-dist/tex/latex/oberdiek/rerunfilecheck.sty))

Package hyperref Warning: Option `hyperindex' has already been used,
(hyperref)                setting the option has no effect on input line 377.


Package hyperref Warning: Option `pagebackref' has already been used,
(hyperref)                setting the option has no effect on input line 377.

) (/usr/local/texlive/2019/texmf-dist/tex/latex/base/makeidx.sty)
(/usr/local/texlive/2019/texmf-dist/tex/latex/base/inputenc.sty)
Writing index file Rd2.idx
No file Rd2.aux.
(/usr/local/texlive/2019/texmf-dist/tex/latex/base/ts1cmr.fd)
(/usr/local/texlive/2019/texmf-dist/tex/latex/psnfss/t1ptm.fd)
(/usr/local/texlive/2019/texmf-dist/tex/context/base/mkii/supp-pdf.mkii
[Loading MPS to PDF converter (version 2006.09.02).]
) (/usr/local/texlive/2019/texmf-dist/tex/latex/hyperref/nameref.sty
(/usr/local/texlive/2019/texmf-dist/tex/generic/oberdiek/gettitlestring.sty))
(/usr/local/texlive/2019/texmf-dist/tex/latex/inconsolata/t1zi4.fd)
(/usr/local/texlive/2019/texmf-dist/tex/latex/psnfss/t1phv.fd)
(/usr/local/texlive/2019/texmf-dist/tex/latex/inconsolata/ts1zi4.fd) [1{/usr/lo
cal/texlive/2019/texmf-var/fonts/map/pdftex/updmap/pdftex.map}] [2]
Overfull \hbox (49.9795pt too wide) in paragraph at lines 164--169
[]\T1/ptm/m/n/10 All ar-gu-ments through \T1/zi4/m/n/10 verbose \T1/ptm/m/n/10 
(ex-cept for \T1/zi4/m/n/10 nfolds \T1/ptm/m/n/10 and \T1/zi4/m/n/10 train_test
_inds\T1/ptm/m/n/10 ) are as in \T1/zi4/m/n/10 quantile_genlasso_grid
[3] (/usr/local/texlive/2019/texmf-dist/tex/latex/psnfss/ts1ptm.fd) [4]
Overfull \hbox (34.9795pt too wide) in paragraph at lines 243--248
[]\T1/ptm/m/n/10 All ar-gu-ments through \T1/zi4/m/n/10 verbose \T1/ptm/m/n/10 
(ex-cept for \T1/zi4/m/n/10 nfolds \T1/ptm/m/n/10 and \T1/zi4/m/n/10 train_test
_inds\T1/ptm/m/n/10 ) are as in \T1/zi4/m/n/10 quantile_lasso_grid
[5]
Overfull \hbox (34.06857pt too wide) in paragraph at lines 334--339
[]\T1/ptm/m/n/10 This func-tion re-turns \T1/zi4/m/n/10 nlambda \T1/ptm/m/n/10 
val-ues log-spaced in be-tween \T1/zi4/m/n/10 lambda_max\T1/ptm/m/n/10 , as com
-puted by \T1/zi4/m/n/10 get_lambda_max\T1/ptm/m/n/10 ,
[6] [7]
Overfull \hbox (3.89807pt too wide) in paragraph at lines 436--439
[]\T1/ptm/m/n/10 Array of new pre-dicted quan-tiles, of di-men-sion (num-ber of
 new pre-dic-tion points)
[8] [9] [10]
Overfull \hbox (0.51805pt too wide) in paragraph at lines 574--576
[]\T1/ptm/m/n/10 Array of pre-dicted quan-tiles, of di-men-sion (num-ber of pre
-dic-tion points) x (num-

Overfull \hbox (1.23778pt too wide) in paragraph at lines 612--614
[]\T1/ptm/m/n/10 One of "gurobi" or "glpk", in-di-cat-ing which LP solver to us
e. De-fault is "gurobi". 
[11] [12] [13] [14]
Overfull \hbox (1.23778pt too wide) in paragraph at lines 849--851
[]\T1/ptm/m/n/10 One of "gurobi" or "glpk", in-di-cat-ing which LP solver to us
e. De-fault is "gurobi". 
[15] [16] [17] [18] [19] [20]
Overfull \hbox (21.0975pt too wide) in paragraph at lines 1188--1190
[]\T1/ptm/m/n/10 Refit gen-er-al-ized lasso so-lu-tions at a new set of quan-ti
le lev-els, given an ex-ist-ing \T1/zi4/m/n/10 cv_quantile_genlasso
[21] [22]
Overfull \hbox (1.42102pt too wide) in paragraph at lines 1320--1328
\T1/zi4/m/n/10 standardize\T1/ptm/m/n/10 , \T1/zi4/m/n/10 lp_solver\T1/ptm/m/n/
10 , \T1/zi4/m/n/10 time_limit\T1/ptm/m/n/10 , \T1/zi4/m/n/10 warm_start\T1/ptm
/m/n/10 , \T1/zi4/m/n/10 params\T1/ptm/m/n/10 , \T1/zi4/m/n/10 transform\T1/ptm
/m/n/10 , \T1/zi4/m/n/10 inv_transorm\T1/ptm/m/n/10 , \T1/zi4/m/n/10 jitter
[23]
No file Rd2.ind.
[24] (./Rd2.aux)

Package rerunfilecheck Warning: File `Rd2.out' has changed.
(rerunfilecheck)                Rerun to get outlines right
(rerunfilecheck)                or use package `bookmark'.

 )
(see the transcript file for additional information){/usr/local/texlive/2019/te
xmf-dist/fonts/enc/dvips/base/8r.enc}{/usr/local/texlive/2019/texmf-dist/fonts/
enc/dvips/inconsolata/i4-ts1.enc}{/usr/local/texlive/2019/texmf-dist/fonts/enc/
dvips/inconsolata/i4-t1-0.enc}</usr/local/texlive/2019/texmf-dist/fonts/type1/p
ublic/inconsolata/Inconsolata-zi4r.pfb></usr/local/texlive/2019/texmf-dist/font
s/type1/public/amsfonts/cm/cmex10.pfb></usr/local/texlive/2019/texmf-dist/fonts
/type1/public/amsfonts/cm/cmmi10.pfb></usr/local/texlive/2019/texmf-dist/fonts/
type1/public/amsfonts/cm/cmmi5.pfb></usr/local/texlive/2019/texmf-dist/fonts/ty
pe1/public/amsfonts/cm/cmmi7.pfb></usr/local/texlive/2019/texmf-dist/fonts/type
1/public/amsfonts/cm/cmr10.pfb></usr/local/texlive/2019/texmf-dist/fonts/type1/
public/amsfonts/cm/cmr5.pfb></usr/local/texlive/2019/texmf-dist/fonts/type1/pub
lic/amsfonts/cm/cmr7.pfb></usr/local/texlive/2019/texmf-dist/fonts/type1/public
/amsfonts/cm/cmsy10.pfb></usr/local/texlive/2019/texmf-dist/fonts/type1/public/
amsfonts/cm/cmsy7.pfb></usr/local/texlive/2019/texmf-dist/fonts/type1/urw/helve
tic/uhvr8a.pfb></usr/local/texlive/2019/texmf-dist/fonts/type1/urw/times/utmb8a
.pfb></usr/local/texlive/2019/texmf-dist/fonts/type1/urw/times/utmr8a.pfb></usr
/local/texlive/2019/texmf-dist/fonts/type1/urw/times/utmr8a.pfb></usr/local/tex
live/2019/texmf-dist/fonts/type1/urw/times/utmri8a.pfb>
Output written on Rd2.pdf (24 pages, 208560 bytes).
Transcript written on Rd2.log.
This is makeindex, version 2.15 [TeX Live 2019] (kpathsea + Thai support).
Scanning input file ./Rd2.idx....done (27 entries accepted, 0 rejected).
Sorting entries....done (114 comparisons).
Generating output file ./Rd2.ind....done (53 lines written, 0 warnings).
Output written in ./Rd2.ind.
Transcript written in ./Rd2.ilg.
This is pdfTeX, Version 3.14159265-2.6-1.40.20 (TeX Live 2019) (preloaded format=pdflatex)
 restricted \write18 enabled.
entering extended mode

(/private/var/folders/xj/ng9zsh9902bdq9mdy4g84pn40000gp/T/RtmpBfuD63/Rd2pdf4192
5469f775/Rd2.tex
LaTeX2e <2018-12-01>

(/usr/local/texlive/2019/texmf-dist/tex/latex/base/book.cls
Document Class: book 2018/09/03 v1.4i Standard LaTeX document class
(/usr/local/texlive/2019/texmf-dist/tex/latex/base/bk10.clo))
(/usr/local/Cellar/r/4.0.0_1/lib/R/share/texmf/tex/latex/Rd.sty
(/usr/local/texlive/2019/texmf-dist/tex/latex/base/ifthen.sty)
(/usr/local/texlive/2019/texmf-dist/tex/latex/tools/longtable.sty)
(/usr/local/texlive/2019/texmf-dist/tex/latex/tools/bm.sty)
(/usr/local/texlive/2019/texmf-dist/tex/latex/base/alltt.sty)
(/usr/local/texlive/2019/texmf-dist/tex/latex/tools/verbatim.sty)
(/usr/local/texlive/2019/texmf-dist/tex/latex/url/url.sty)
(/usr/local/texlive/2019/texmf-dist/tex/latex/base/textcomp.sty
(/usr/local/texlive/2019/texmf-dist/tex/latex/base/ts1enc.def
(/usr/local/texlive/2019/texmf-dist/tex/latex/base/ts1enc.dfu)))
(/usr/local/texlive/2019/texmf-dist/tex/latex/base/fontenc.sty
(/usr/local/texlive/2019/texmf-dist/tex/latex/base/t1enc.def))
(/usr/local/texlive/2019/texmf-dist/tex/latex/psnfss/times.sty)
(/usr/local/texlive/2019/texmf-dist/tex/latex/inconsolata/zi4.sty
`inconsolata-zi4' v1.112, 2017/01/04 Text macros for Inconsolata (msharpe)
(/usr/local/texlive/2019/texmf-dist/tex/latex/xkeyval/xkeyval.sty
(/usr/local/texlive/2019/texmf-dist/tex/generic/xkeyval/xkeyval.tex
(/usr/local/texlive/2019/texmf-dist/tex/generic/xkeyval/xkvutils.tex
(/usr/local/texlive/2019/texmf-dist/tex/generic/xkeyval/keyval.tex)))))
(/usr/local/texlive/2019/texmf-dist/tex/latex/graphics/color.sty
(/usr/local/texlive/2019/texmf-dist/tex/latex/graphics-cfg/color.cfg)
(/usr/local/texlive/2019/texmf-dist/tex/latex/graphics-def/pdftex.def))
(/usr/local/texlive/2019/texmf-dist/tex/latex/hyperref/hyperref.sty
(/usr/local/texlive/2019/texmf-dist/tex/generic/oberdiek/hobsub-hyperref.sty
(/usr/local/texlive/2019/texmf-dist/tex/generic/oberdiek/hobsub-generic.sty))
(/usr/local/texlive/2019/texmf-dist/tex/generic/ifxetex/ifxetex.sty)
(/usr/local/texlive/2019/texmf-dist/tex/latex/oberdiek/auxhook.sty)
(/usr/local/texlive/2019/texmf-dist/tex/latex/oberdiek/kvoptions.sty)
(/usr/local/texlive/2019/texmf-dist/tex/latex/hyperref/pd1enc.def)
(/usr/local/texlive/2019/texmf-dist/tex/latex/latexconfig/hyperref.cfg))
(/usr/local/texlive/2019/texmf-dist/tex/latex/hyperref/hpdftex.def
(/usr/local/texlive/2019/texmf-dist/tex/latex/oberdiek/rerunfilecheck.sty))

Package hyperref Warning: Option `hyperindex' has already been used,
(hyperref)                setting the option has no effect on input line 377.


Package hyperref Warning: Option `pagebackref' has already been used,
(hyperref)                setting the option has no effect on input line 377.

) (/usr/local/texlive/2019/texmf-dist/tex/latex/base/makeidx.sty)
(/usr/local/texlive/2019/texmf-dist/tex/latex/base/inputenc.sty)
Writing index file Rd2.idx
(./Rd2.aux) (/usr/local/texlive/2019/texmf-dist/tex/latex/base/ts1cmr.fd)
(/usr/local/texlive/2019/texmf-dist/tex/latex/psnfss/t1ptm.fd)
(/usr/local/texlive/2019/texmf-dist/tex/context/base/mkii/supp-pdf.mkii
[Loading MPS to PDF converter (version 2006.09.02).]
) (/usr/local/texlive/2019/texmf-dist/tex/latex/hyperref/nameref.sty
(/usr/local/texlive/2019/texmf-dist/tex/generic/oberdiek/gettitlestring.sty))
(./Rd2.out) (./Rd2.out)
(/usr/local/texlive/2019/texmf-dist/tex/latex/inconsolata/t1zi4.fd)
(/usr/local/texlive/2019/texmf-dist/tex/latex/psnfss/t1phv.fd) (./Rd2.toc
[1{/usr/local/texlive/2019/texmf-var/fonts/map/pdftex/updmap/pdftex.map}])
(/usr/local/texlive/2019/texmf-dist/tex/latex/inconsolata/ts1zi4.fd) [2]
[3]
Overfull \hbox (49.9795pt too wide) in paragraph at lines 164--169
[]\T1/ptm/m/n/10 All ar-gu-ments through \T1/zi4/m/n/10 verbose \T1/ptm/m/n/10 
(ex-cept for \T1/zi4/m/n/10 nfolds \T1/ptm/m/n/10 and \T1/zi4/m/n/10 train_test
_inds\T1/ptm/m/n/10 ) are as in \T1/zi4/m/n/10 quantile_genlasso_grid
(/usr/local/texlive/2019/texmf-dist/tex/latex/psnfss/ts1ptm.fd) [4]
Overfull \hbox (34.9795pt too wide) in paragraph at lines 243--248
[]\T1/ptm/m/n/10 All ar-gu-ments through \T1/zi4/m/n/10 verbose \T1/ptm/m/n/10 
(ex-cept for \T1/zi4/m/n/10 nfolds \T1/ptm/m/n/10 and \T1/zi4/m/n/10 train_test
_inds\T1/ptm/m/n/10 ) are as in \T1/zi4/m/n/10 quantile_lasso_grid
[5] [6]
Overfull \hbox (34.06857pt too wide) in paragraph at lines 334--339
[]\T1/ptm/m/n/10 This func-tion re-turns \T1/zi4/m/n/10 nlambda \T1/ptm/m/n/10 
val-ues log-spaced in be-tween \T1/zi4/m/n/10 lambda_max\T1/ptm/m/n/10 , as com
-puted by \T1/zi4/m/n/10 get_lambda_max\T1/ptm/m/n/10 ,
[7] [8]
Overfull \hbox (3.89807pt too wide) in paragraph at lines 436--439
[]\T1/ptm/m/n/10 Array of new pre-dicted quan-tiles, of di-men-sion (num-ber of
 new pre-dic-tion points)
[9] [10]
Overfull \hbox (0.51805pt too wide) in paragraph at lines 574--576
[]\T1/ptm/m/n/10 Array of pre-dicted quan-tiles, of di-men-sion (num-ber of pre
-dic-tion points) x (num-
[11]
Overfull \hbox (1.23778pt too wide) in paragraph at lines 612--614
[]\T1/ptm/m/n/10 One of "gurobi" or "glpk", in-di-cat-ing which LP solver to us
e. De-fault is "gurobi". 
[12] [13] [14] [15]
Overfull \hbox (1.23778pt too wide) in paragraph at lines 849--851
[]\T1/ptm/m/n/10 One of "gurobi" or "glpk", in-di-cat-ing which LP solver to us
e. De-fault is "gurobi". 
[16] [17] [18] [19] [20]
Overfull \hbox (21.0975pt too wide) in paragraph at lines 1188--1190
[]\T1/ptm/m/n/10 Refit gen-er-al-ized lasso so-lu-tions at a new set of quan-ti
le lev-els, given an ex-ist-ing \T1/zi4/m/n/10 cv_quantile_genlasso
[21] [22] [23]
Overfull \hbox (1.42102pt too wide) in paragraph at lines 1320--1328
\T1/zi4/m/n/10 standardize\T1/ptm/m/n/10 , \T1/zi4/m/n/10 lp_solver\T1/ptm/m/n/
10 , \T1/zi4/m/n/10 time_limit\T1/ptm/m/n/10 , \T1/zi4/m/n/10 warm_start\T1/ptm
/m/n/10 , \T1/zi4/m/n/10 params\T1/ptm/m/n/10 , \T1/zi4/m/n/10 transform\T1/ptm
/m/n/10 , \T1/zi4/m/n/10 inv_transorm\T1/ptm/m/n/10 , \T1/zi4/m/n/10 jitter
(./Rd2.ind [24]

LaTeX Font Warning: Font shape `T1/zi4/m/it' undefined
(Font)              using `T1/zi4/m/n' instead on input line 17.

[25]) (./Rd2.aux)

Package rerunfilecheck Warning: File `Rd2.out' has changed.
(rerunfilecheck)                Rerun to get outlines right
(rerunfilecheck)                or use package `bookmark'.


LaTeX Font Warning: Some font shapes were not available, defaults substituted.

 )
(see the transcript file for additional information){/usr/local/texlive/2019/te
xmf-dist/fonts/enc/dvips/inconsolata/i4-ts1.enc}{/usr/local/texlive/2019/texmf-
dist/fonts/enc/dvips/base/8r.enc}{/usr/local/texlive/2019/texmf-dist/fonts/enc/
dvips/inconsolata/i4-t1-0.enc}</usr/local/texlive/2019/texmf-dist/fonts/type1/p
ublic/inconsolata/Inconsolata-zi4r.pfb></usr/local/texlive/2019/texmf-dist/font
s/type1/public/amsfonts/cm/cmex10.pfb></usr/local/texlive/2019/texmf-dist/fonts
/type1/public/amsfonts/cm/cmmi10.pfb></usr/local/texlive/2019/texmf-dist/fonts/
type1/public/amsfonts/cm/cmmi5.pfb></usr/local/texlive/2019/texmf-dist/fonts/ty
pe1/public/amsfonts/cm/cmmi7.pfb></usr/local/texlive/2019/texmf-dist/fonts/type
1/public/amsfonts/cm/cmr10.pfb></usr/local/texlive/2019/texmf-dist/fonts/type1/
public/amsfonts/cm/cmr5.pfb></usr/local/texlive/2019/texmf-dist/fonts/type1/pub
lic/amsfonts/cm/cmr7.pfb></usr/local/texlive/2019/texmf-dist/fonts/type1/public
/amsfonts/cm/cmsy10.pfb></usr/local/texlive/2019/texmf-dist/fonts/type1/public/
amsfonts/cm/cmsy7.pfb></usr/local/texlive/2019/texmf-dist/fonts/type1/urw/helve
tic/uhvr8a.pfb></usr/local/texlive/2019/texmf-dist/fonts/type1/urw/times/utmb8a
.pfb></usr/local/texlive/2019/texmf-dist/fonts/type1/urw/times/utmr8a.pfb></usr
/local/texlive/2019/texmf-dist/fonts/type1/urw/times/utmr8a.pfb></usr/local/tex
live/2019/texmf-dist/fonts/type1/urw/times/utmri8a.pfb>
Output written on Rd2.pdf (25 pages, 214177 bytes).
Transcript written on Rd2.log.
This is makeindex, version 2.15 [TeX Live 2019] (kpathsea + Thai support).
Scanning input file ./Rd2.idx....done (27 entries accepted, 0 rejected).
Sorting entries....done (114 comparisons).
Generating output file ./Rd2.ind....done (53 lines written, 0 warnings).
Output written in ./Rd2.ind.
Transcript written in ./Rd2.ilg.
This is pdfTeX, Version 3.14159265-2.6-1.40.20 (TeX Live 2019) (preloaded format=pdflatex)
 restricted \write18 enabled.
entering extended mode

(/private/var/folders/xj/ng9zsh9902bdq9mdy4g84pn40000gp/T/RtmpBfuD63/Rd2pdf4192
5469f775/Rd2.tex
LaTeX2e <2018-12-01>

(/usr/local/texlive/2019/texmf-dist/tex/latex/base/book.cls
Document Class: book 2018/09/03 v1.4i Standard LaTeX document class
(/usr/local/texlive/2019/texmf-dist/tex/latex/base/bk10.clo))
(/usr/local/Cellar/r/4.0.0_1/lib/R/share/texmf/tex/latex/Rd.sty
(/usr/local/texlive/2019/texmf-dist/tex/latex/base/ifthen.sty)
(/usr/local/texlive/2019/texmf-dist/tex/latex/tools/longtable.sty)
(/usr/local/texlive/2019/texmf-dist/tex/latex/tools/bm.sty)
(/usr/local/texlive/2019/texmf-dist/tex/latex/base/alltt.sty)
(/usr/local/texlive/2019/texmf-dist/tex/latex/tools/verbatim.sty)
(/usr/local/texlive/2019/texmf-dist/tex/latex/url/url.sty)
(/usr/local/texlive/2019/texmf-dist/tex/latex/base/textcomp.sty
(/usr/local/texlive/2019/texmf-dist/tex/latex/base/ts1enc.def
(/usr/local/texlive/2019/texmf-dist/tex/latex/base/ts1enc.dfu)))
(/usr/local/texlive/2019/texmf-dist/tex/latex/base/fontenc.sty
(/usr/local/texlive/2019/texmf-dist/tex/latex/base/t1enc.def))
(/usr/local/texlive/2019/texmf-dist/tex/latex/psnfss/times.sty)
(/usr/local/texlive/2019/texmf-dist/tex/latex/inconsolata/zi4.sty
`inconsolata-zi4' v1.112, 2017/01/04 Text macros for Inconsolata (msharpe)
(/usr/local/texlive/2019/texmf-dist/tex/latex/xkeyval/xkeyval.sty
(/usr/local/texlive/2019/texmf-dist/tex/generic/xkeyval/xkeyval.tex
(/usr/local/texlive/2019/texmf-dist/tex/generic/xkeyval/xkvutils.tex
(/usr/local/texlive/2019/texmf-dist/tex/generic/xkeyval/keyval.tex)))))
(/usr/local/texlive/2019/texmf-dist/tex/latex/graphics/color.sty
(/usr/local/texlive/2019/texmf-dist/tex/latex/graphics-cfg/color.cfg)
(/usr/local/texlive/2019/texmf-dist/tex/latex/graphics-def/pdftex.def))
(/usr/local/texlive/2019/texmf-dist/tex/latex/hyperref/hyperref.sty
(/usr/local/texlive/2019/texmf-dist/tex/generic/oberdiek/hobsub-hyperref.sty
(/usr/local/texlive/2019/texmf-dist/tex/generic/oberdiek/hobsub-generic.sty))
(/usr/local/texlive/2019/texmf-dist/tex/generic/ifxetex/ifxetex.sty)
(/usr/local/texlive/2019/texmf-dist/tex/latex/oberdiek/auxhook.sty)
(/usr/local/texlive/2019/texmf-dist/tex/latex/oberdiek/kvoptions.sty)
(/usr/local/texlive/2019/texmf-dist/tex/latex/hyperref/pd1enc.def)
(/usr/local/texlive/2019/texmf-dist/tex/latex/latexconfig/hyperref.cfg))
(/usr/local/texlive/2019/texmf-dist/tex/latex/hyperref/hpdftex.def
(/usr/local/texlive/2019/texmf-dist/tex/latex/oberdiek/rerunfilecheck.sty))

Package hyperref Warning: Option `hyperindex' has already been used,
(hyperref)                setting the option has no effect on input line 377.


Package hyperref Warning: Option `pagebackref' has already been used,
(hyperref)                setting the option has no effect on input line 377.

) (/usr/local/texlive/2019/texmf-dist/tex/latex/base/makeidx.sty)
(/usr/local/texlive/2019/texmf-dist/tex/latex/base/inputenc.sty)
Writing index file Rd2.idx
(./Rd2.aux) (/usr/local/texlive/2019/texmf-dist/tex/latex/base/ts1cmr.fd)
(/usr/local/texlive/2019/texmf-dist/tex/latex/psnfss/t1ptm.fd)
(/usr/local/texlive/2019/texmf-dist/tex/context/base/mkii/supp-pdf.mkii
[Loading MPS to PDF converter (version 2006.09.02).]
) (/usr/local/texlive/2019/texmf-dist/tex/latex/hyperref/nameref.sty
(/usr/local/texlive/2019/texmf-dist/tex/generic/oberdiek/gettitlestring.sty))
(./Rd2.out) (./Rd2.out)
(/usr/local/texlive/2019/texmf-dist/tex/latex/inconsolata/t1zi4.fd)
(/usr/local/texlive/2019/texmf-dist/tex/latex/psnfss/t1phv.fd) (./Rd2.toc
[1{/usr/local/texlive/2019/texmf-var/fonts/map/pdftex/updmap/pdftex.map}])
(/usr/local/texlive/2019/texmf-dist/tex/latex/inconsolata/ts1zi4.fd) [2]
[3]
Overfull \hbox (49.9795pt too wide) in paragraph at lines 164--169
[]\T1/ptm/m/n/10 All ar-gu-ments through \T1/zi4/m/n/10 verbose \T1/ptm/m/n/10 
(ex-cept for \T1/zi4/m/n/10 nfolds \T1/ptm/m/n/10 and \T1/zi4/m/n/10 train_test
_inds\T1/ptm/m/n/10 ) are as in \T1/zi4/m/n/10 quantile_genlasso_grid
(/usr/local/texlive/2019/texmf-dist/tex/latex/psnfss/ts1ptm.fd) [4]
Overfull \hbox (34.9795pt too wide) in paragraph at lines 243--248
[]\T1/ptm/m/n/10 All ar-gu-ments through \T1/zi4/m/n/10 verbose \T1/ptm/m/n/10 
(ex-cept for \T1/zi4/m/n/10 nfolds \T1/ptm/m/n/10 and \T1/zi4/m/n/10 train_test
_inds\T1/ptm/m/n/10 ) are as in \T1/zi4/m/n/10 quantile_lasso_grid
[5] [6]
Overfull \hbox (34.06857pt too wide) in paragraph at lines 334--339
[]\T1/ptm/m/n/10 This func-tion re-turns \T1/zi4/m/n/10 nlambda \T1/ptm/m/n/10 
val-ues log-spaced in be-tween \T1/zi4/m/n/10 lambda_max\T1/ptm/m/n/10 , as com
-puted by \T1/zi4/m/n/10 get_lambda_max\T1/ptm/m/n/10 ,
[7] [8]
Overfull \hbox (3.89807pt too wide) in paragraph at lines 436--439
[]\T1/ptm/m/n/10 Array of new pre-dicted quan-tiles, of di-men-sion (num-ber of
 new pre-dic-tion points)
[9] [10]
Overfull \hbox (0.51805pt too wide) in paragraph at lines 574--576
[]\T1/ptm/m/n/10 Array of pre-dicted quan-tiles, of di-men-sion (num-ber of pre
-dic-tion points) x (num-
[11]
Overfull \hbox (1.23778pt too wide) in paragraph at lines 612--614
[]\T1/ptm/m/n/10 One of "gurobi" or "glpk", in-di-cat-ing which LP solver to us
e. De-fault is "gurobi". 
[12] [13] [14] [15]
Overfull \hbox (1.23778pt too wide) in paragraph at lines 849--851
[]\T1/ptm/m/n/10 One of "gurobi" or "glpk", in-di-cat-ing which LP solver to us
e. De-fault is "gurobi". 
[16] [17] [18] [19] [20]
Overfull \hbox (21.0975pt too wide) in paragraph at lines 1188--1190
[]\T1/ptm/m/n/10 Refit gen-er-al-ized lasso so-lu-tions at a new set of quan-ti
le lev-els, given an ex-ist-ing \T1/zi4/m/n/10 cv_quantile_genlasso
[21] [22] [23]
Overfull \hbox (1.42102pt too wide) in paragraph at lines 1320--1328
\T1/zi4/m/n/10 standardize\T1/ptm/m/n/10 , \T1/zi4/m/n/10 lp_solver\T1/ptm/m/n/
10 , \T1/zi4/m/n/10 time_limit\T1/ptm/m/n/10 , \T1/zi4/m/n/10 warm_start\T1/ptm
/m/n/10 , \T1/zi4/m/n/10 params\T1/ptm/m/n/10 , \T1/zi4/m/n/10 transform\T1/ptm
/m/n/10 , \T1/zi4/m/n/10 inv_transorm\T1/ptm/m/n/10 , \T1/zi4/m/n/10 jitter
(./Rd2.ind [24]

LaTeX Font Warning: Font shape `T1/zi4/m/it' undefined
(Font)              using `T1/zi4/m/n' instead on input line 17.

[25]) (./Rd2.aux)

LaTeX Font Warning: Some font shapes were not available, defaults substituted.

 )
(see the transcript file for additional information){/usr/local/texlive/2019/te
xmf-dist/fonts/enc/dvips/inconsolata/i4-ts1.enc}{/usr/local/texlive/2019/texmf-
dist/fonts/enc/dvips/base/8r.enc}{/usr/local/texlive/2019/texmf-dist/fonts/enc/
dvips/inconsolata/i4-t1-0.enc}</usr/local/texlive/2019/texmf-dist/fonts/type1/p
ublic/inconsolata/Inconsolata-zi4r.pfb></usr/local/texlive/2019/texmf-dist/font
s/type1/public/amsfonts/cm/cmex10.pfb></usr/local/texlive/2019/texmf-dist/fonts
/type1/public/amsfonts/cm/cmmi10.pfb></usr/local/texlive/2019/texmf-dist/fonts/
type1/public/amsfonts/cm/cmmi5.pfb></usr/local/texlive/2019/texmf-dist/fonts/ty
pe1/public/amsfonts/cm/cmmi7.pfb></usr/local/texlive/2019/texmf-dist/fonts/type
1/public/amsfonts/cm/cmr10.pfb></usr/local/texlive/2019/texmf-dist/fonts/type1/
public/amsfonts/cm/cmr5.pfb></usr/local/texlive/2019/texmf-dist/fonts/type1/pub
lic/amsfonts/cm/cmr7.pfb></usr/local/texlive/2019/texmf-dist/fonts/type1/public
/amsfonts/cm/cmsy10.pfb></usr/local/texlive/2019/texmf-dist/fonts/type1/public/
amsfonts/cm/cmsy7.pfb></usr/local/texlive/2019/texmf-dist/fonts/type1/urw/helve
tic/uhvr8a.pfb></usr/local/texlive/2019/texmf-dist/fonts/type1/urw/times/utmb8a
.pfb></usr/local/texlive/2019/texmf-dist/fonts/type1/urw/times/utmr8a.pfb></usr
/local/texlive/2019/texmf-dist/fonts/type1/urw/times/utmr8a.pfb></usr/local/tex
live/2019/texmf-dist/fonts/type1/urw/times/utmri8a.pfb>
Output written on Rd2.pdf (25 pages, 214518 bytes).
Transcript written on Rd2.log.
Saving output to ‘quantgen-manual.pdf’ ...
Done
You may want to clean up by 'rm -Rf /var/folders/xj/ng9zsh9902bdq9mdy4g84pn40000gp/T//RtmpBfuD63/Rd2pdf41925469f775'
